ADMIN EMAIL TO: dumidu.kodithuwakku@ebeyonds.com

New contact form submission:

Name: adeesha tharud
Email: adeeshamuthunayaka@gmail.com
Phone: 0778470802

Message:
hello

Submitted at: 2025-12-27 14:04:40


ADMIN EMAIL TO: prabhath.senadheera@ebeyonds.com

New contact form submission:

Name: adeesha tharud
Email: adeeshamuthunayaka@gmail.com
Phone: 0778470802

Message:
hello

Submitted at: 2025-12-27 14:04:40


ADMIN EMAIL TO: dumidu.kodithuwakku@ebeyonds.com

New contact form submission:

Name: adeesha tharud
Email: adeeshamuthunayaka@gmail.com
Phone: 0778470802

Message:
gggg

Submitted at: 2026-01-09 04:42:38


ADMIN EMAIL TO: prabhath.senadheera@ebeyonds.com

New contact form submission:

Name: adeesha tharud
Email: adeeshamuthunayaka@gmail.com
Phone: 0778470802

Message:
gggg

Submitted at: 2026-01-09 04:42:38


